[22m
20:20:11.042 [info] Loading 150 CA(s) from :otp store
[0m[36m
20:20:19.376 id=1 [debug] handled request client -> server initialize in 94ms
[0m[36m
20:20:19.382 [debug] sent notification server -> client window/logMessage
[0m[36m
20:20:19.385 [debug] NextLS v0.22.6 has initialized!
[0m[36m
20:20:19.385 [debug] sent notification server -> client window/logMessage
[0m[36m
20:20:19.385 [debug] Log file located at /home/evhen/dots/.config/nvim/.elixir-tools/next-ls.log
[0m[36m
20:20:19.385 [debug] sent notification server -> client window/logMessage
[0m[22m
20:20:19.385 [info] [extension] Credo initializing with options %NextLS.InitOpts.Extensions.Credo{enable: true, cli_options: []}
[0m[36m
20:20:22.094 [debug] sent notification server -> client window/logMessage
[0m[36m
20:20:22.094 [debug] Booting runtimes...
[0m[36m
20:20:22.096 id=130 [debug] sent request server -> client window/workDoneProgress/create
[0m[36m
20:20:22.103 [debug] sent notification server -> client $/progress
[0m[36m
20:20:22.112 [debug] sent notification server -> client window/logMessage
[0m[22m
20:20:22.112 [info] Beginning DB migration...
[0m[36m
20:20:22.115 [debug] sent notification server -> client window/logMessage
[0m[22m
20:20:22.116 [info] Database is on the latest version: 7
[0m[36m
20:20:22.116 [debug] sent notification server -> client window/logMessage
[0m[22m
20:20:22.116 [info] Finished DB migration...
[0m[36m
20:20:22.116 [debug] sent notification server -> client window/logMessage
[0m[22m
20:20:22.116 [info] Booting runtime for book_store.

- elixir: /home/evhen/.cache/elixir-tools/nextls/elixir/1-17-1/bin/elixir
- zombie wrapper script: /home/evhen/.local/share/.burrito/next_ls_erts-14.2.1_0.22.6/lib/next_ls-0.22.6/priv/cmd
- working_dir: /home/evhen/projects/elixir/book_store
- command: /home/evhen/.cache/elixir-tools/nextls/elixir/1-17-1/bin/elixir --no-halt --sname nextls-runtime-1745256022116020113 --cookie SJBPSJXCDXLFWAE76GXDSIG7AXPK7YFWQT6BOKCRC4CXJFXGEJUA==== -S mix loadpaths --no-compile

Environment: 

LSP=nextls
NEXTLS_PARENT_PID=g1h3I25leHQtbHMtMTc0NTI1NjAxMTA0OTgwMTUyNUBhcmNoeHBzAAABCAAAAABoBn5M
MIX_ENV=dev
MIX_TARGET=host
MIX_BUILD_ROOT=.elixir-tools/_build
ROOTDIR=false
BINDIR=false
RELEASE_ROOT=false
RELEASE_SYS_CONFIG=false
PATH=/home/evhen/.cache/elixir-tools/nextls/elixir/1-17-1/bin:/home/evhen/.local/share/.burrito/next_ls_erts-14.2.1_0.22.6/bin:/home/evhen/.rbenv/shims:/usr/lib/ccache/bin:/home/evhen/odin/bin:/home/evhen/.zvm/bin:/usr/lib/w3m:/home/evhen/.asdf/shims:/home/evhen/.local/share/gem/ruby/3.2.0/bin:/home/evhen/.rubies/ruby-3.3.4/bin:/home/evhen/.local/bin:/home/evhen/.sdkman/candidates/springboot/current/bin:/home/evhen/.sdkman/candidates/maven/current/bin:/home/evhen/.sdkman/candidates/java/current/bin:/home/evhen/.sdkman/candidates/groovy/current/bin:/home/evhen/.sdkman/candidates/gradle/current/bin:/home/evhen/.config/nvm/versions/node/v18.20.6/bin:/home/evhen/miniconda3/bin:/home/evhen/miniconda3/condabin:/home/evhen/.rbenv/shims:/home/evhen/.rbenv/bin:/usr/lib/ccache/bin:/home/evhen/odin/bin:/home/evhen/.zvm/bin:/usr/lib/w3m:/home/evhen/.asdf/shims:/home/evhen/.local/share/gem/ruby/3.2.0/bin:/home/evhen/.rubies/ruby-3.3.4/bin:/home/evhen/.local/bin:/home/evhen/.cargo/bin:/usr/local/bin:/usr/bin:/usr/local/sbin:/opt/cuda/bin:/opt/cuda/nsight_compute:/opt/cuda/nsight_systems/bin:/var/lib/flatpak/exports/bin:/usr/lib/jvm/default/bin:/usr/bin/site_perl:/usr/bin/vendor_perl:/usr/bin/core_perl
MIX_HOME=/home/evhen/.cache/elixir-tools/nextls/elixir/1-17-1/.mix

[0m[36m
20:20:22.116 [debug] handled notification client -> server initialized in 2738ms
[0m[36m
20:20:22.119 [debug] handled notification client -> server textDocument/didOpen in 3ms
[0m[36m
20:20:22.130 id=2 [debug] handled request client -> server textDocument/documentSymbol in 10ms
[0m[36m
20:20:22.492 [debug] sent notification server -> client window/logMessage
[0m[22m
20:20:22.492 [info]     warning: use Mix.Config is deprecated. Use the Config module instead
    │
  8 │ use Mix.Config
    │ ~~~~~~~~~~~~~~
    │
    └─ config/config.exs:8


[0m[36m
20:20:22.493 [debug] sent notification server -> client window/logMessage
[0m[22m
20:20:22.493 [info]     warning: Mix.Config.config/2 is deprecated. Use the Config module instead
    │
 10 │ config :book_store,
    │ ~~~~~~~~~~~~~~~~~~~
    │
    └─ config/config.exs:10


[0m[36m
20:20:22.494 [debug] sent notification server -> client window/logMessage
[0m[22m
20:20:22.494 [info]     warning: Mix.Config.config/3 is deprecated. Use the Config module instead
    │
 14 │ config :book_store, BookStoreWeb.Endpoint,
    │ ~~~~~~~~~~~~~~~~~~~~~~~~~~~~~~~~~~~~~~~~~~
    │
    └─ config/config.exs:14


[0m[36m
20:20:22.494 [debug] sent notification server -> client window/logMessage
[0m[22m
20:20:22.494 [info]     warning: Mix.Config.config/3 is deprecated. Use the Config module instead
    │
 22 │ config :logger, :console,
    │ ~~~~~~~~~~~~~~~~~~~~~~~~~
    │
    └─ config/config.exs:22


[0m[36m
20:20:22.495 [debug] sent notification server -> client window/logMessage
[0m[22m
20:20:22.495 [info]     warning: Mix.Config.config/3 is deprecated. Use the Config module instead
    │
 27 │ config :phoenix, :json_library, Jason
    │ ~~~~~~~~~~~~~~~~~~~~~~~~~~~~~~~~~~~~~
    │
    └─ config/config.exs:27


[0m[36m
20:20:22.495 [debug] sent notification server -> client window/logMessage
[0m[22m
20:20:22.495 [info]     warning: Mix.Config.import_config/1 is deprecated. Use the Config module instead
    │
 31 │ import_config "#{Mix.env()}.exs"
    │ ~~~~~~~~~~~~~~~~~~~~~~~~~~~~~~~~
    │
    └─ config/config.exs:31


[0m[36m
20:20:22.499 [debug] sent notification server -> client window/logMessage
[0m[22m
20:20:22.499 [info]     warning: use Mix.Config is deprecated. Use the Config module instead
    │
  1 │ use Mix.Config
    │ ~~~~~~~~~~~~~~
    │
    └─ config/dev.exs:1


[0m[36m
20:20:22.499 [debug] sent notification server -> client window/logMessage
[0m[22m
20:20:22.499 [info]     warning: Mix.Config.config/3 is deprecated. Use the Config module instead
    │
  4 │ config :book_store, BookStore.Repo,
    │ ~~~~~~~~~~~~~~~~~~~~~~~~~~~~~~~~~~~
    │
    └─ config/dev.exs:4


[0m[36m
20:20:22.499 [debug] sent notification server -> client window/logMessage
[0m[22m
20:20:22.499 [info]     warning: Mix.Config.config/3 is deprecated. Use the Config module instead
    │
 18 │ config :book_store, BookStoreWeb.Endpoint,
    │ ~~~~~~~~~~~~~~~~~~~~~~~~~~~~~~~~~~~~~~~~~~
    │
    └─ config/dev.exs:18


[0m[36m
20:20:22.499 [debug] sent notification server -> client window/logMessage
[0m[22m
20:20:22.499 [info]     warning: Mix.Config.config/3 is deprecated. Use the Config module instead
    │
 50 │ config :logger, :console, format: "[$level] $message\n"
    │ ~~~~~~~~~~~~~~~~~~~~~~~~~~~~~~~~~~~~~~~~~~~~~~~~~~~~~~~
    │
    └─ config/dev.exs:50


[0m[36m
20:20:22.500 [debug] sent notification server -> client window/logMessage
[0m[22m
20:20:22.500 [info]     warning: Mix.Config.config/3 is deprecated. Use the Config module instead
    │
 54 │ config :phoenix, :stacktrace_depth, 20
    │ ~~~~~~~~~~~~~~~~~~~~~~~~~~~~~~~~~~~~~~
    │
    └─ config/dev.exs:54


[0m[36m
20:20:22.500 [debug] sent notification server -> client window/logMessage
[0m[22m
20:20:22.500 [info]     warning: Mix.Config.config/3 is deprecated. Use the Config module instead
    │
 57 │ config :phoenix, :plug_init_mode, :runtime
    │ ~~~~~~~~~~~~~~~~~~~~~~~~~~~~~~~~~~~~~~~~~~
    │
    └─ config/dev.exs:57


[0m[36m
20:20:23.150 [debug] sent notification server -> client window/logMessage
[0m[22m
20:20:23.150 [info] Connected to node nextls-runtime-1745256022116020113@archxps
[0m[36m
20:20:23.384 id=3 [debug] handled request client -> server textDocument/hover in 4ms
[0m[36m
20:20:23.423 [debug] sent notification server -> client window/logMessage
[0m[22m
20:20:23.423 [info]       warning: variable "env" is unused (there is a variable with the same name in the context, use the pin operator (^) to match on it or prefix this variable with underscore if it is not meant to be used)
      │
 1561 │             {res, state, env} = expand(block, state, env)
      │                          ~
      │
      └─ /home/evhen/.local/share/.burrito/next_ls_erts-14.2.1_0.22.6/lib/next_ls-0.22.6/priv/monkey/_next_ls_private_compiler.ex:1561:26: :_next_ls_private_spitfire_env.expand_local/5


[0m[36m
20:20:23.541 [debug] sent notification server -> client $/progress
[0m[36m
20:20:23.542 [debug] sent notification server -> client window/logMessage
[0m[36m
20:20:23.542 [debug] Runtime for folder book_store is ready...
[0m[36m
20:20:23.544 id=69 [debug] sent request server -> client window/workDoneProgress/create
[0m[36m
20:20:23.544 [debug] sent notification server -> client $/progress
[0m[36m
20:20:23.598 [debug] sent notification server -> client window/logMessage
[0m[22m
20:20:23.598 [info] ==> connection

[0m[36m
20:20:23.598 [debug] sent notification server -> client window/logMessage
[0m[22m
20:20:23.598 [info] Compiling 1 file (.ex)

[0m[36m
20:20:23.606 [debug] sent notification server -> client window/logMessage
[0m[22m
20:20:23.606 [info]      warning: single-quoted strings represent charlists. Use ~c"" if you indeed want a charlist or use "" instead
     │
 553 │         [{:data, [{'State', mod_state}]}]
     │                    ~
     │
     └─ lib/connection.ex:553:20


[0m[36m
20:20:23.608 [debug] sent notification server -> client window/logMessage
[0m[22m
20:20:23.608 [info]      warning: single-quoted strings represent charlists. Use ~c"" if you indeed want a charlist or use "" instead
     │
 680 │     format = '** Generic server ~p terminating \n' ++
     │              ~
     │
     └─ lib/connection.ex:680:14


[0m[36m
20:20:23.610 [debug] sent notification server -> client window/logMessage
[0m[22m
20:20:23.610 [info]      warning: single-quoted strings represent charlists. Use ~c"" if you indeed want a charlist or use "" instead
     │
 681 │       '** Last message in was ~p~n' ++ ## No last message
     │       ~
     │
     └─ lib/connection.ex:681:7


[0m[36m
20:20:23.612 [debug] sent notification server -> client window/logMessage
[0m[22m
20:20:23.612 [info]      warning: single-quoted strings represent charlists. Use ~c"" if you indeed want a charlist or use "" instead
     │
 682 │       '** When Server state == ~p~n' ++
     │       ~
     │
     └─ lib/connection.ex:682:7


[0m[36m
20:20:23.613 [debug] sent notification server -> client window/logMessage
[0m[22m
20:20:23.613 [info]      warning: single-quoted strings represent charlists. Use ~c"" if you indeed want a charlist or use "" instead
     │
 683 │       '** Reason for termination == ~n** ~p~n'
     │       ~
     │
     └─ lib/connection.ex:683:7


[0m[36m
20:20:23.813 [debug] sent notification server -> client window/logMessage
[0m[22m
20:20:23.813 [info]      warning: System.stacktrace/0 is deprecated. Use __STACKTRACE__ instead
     │
 429 │         init_stop(starter, name, {reason, System.stacktrace()})
     │                                                  ~
     │
     └─ (connection 1.0.4) lib/connection.ex:429:50: Connection.init_it/6
     └─ (connection 1.0.4) lib/connection.ex:431:45: Connection.init_it/6
     └─ (connection 1.0.4) lib/connection.ex:491:57: Connection.handle_call/3
     └─ (connection 1.0.4) lib/connection.ex:540:41: Connection.code_change/3
     └─ (connection 1.0.4) lib/connection.ex:581:57: Connection.terminate/2
     └─ (connection 1.0.4) lib/connection.ex:625:49: Connection.enter_connect/5
     └─ (connection 1.0.4) lib/connection.ex:628:34: Connection.enter_connect/5
     └─ (connection 1.0.4) lib/connection.ex:631:45: Connection.enter_connect/5
     └─ (connection 1.0.4) lib/connection.ex:657:49: Connection.enter_terminate/5
     └─ (connection 1.0.4) lib/connection.ex:660:34: Connection.enter_terminate/5
     └─ (connection 1.0.4) lib/connection.ex:663:45: Connection.enter_terminate/5
     └─ (connection 1.0.4) lib/connection.ex:744:24: Connection.connect/3
     └─ (connection 1.0.4) lib/connection.ex:770:24: Connection.disconnect/3
     └─ (connection 1.0.4) lib/connection.ex:813:57: Connection.handle_async/3


[0m[36m
20:20:23.815 [debug] sent notification server -> client window/logMessage
[0m[22m
20:20:23.815 [info] Generated connection app

[0m[36m
20:20:23.827 [debug] sent notification server -> client window/logMessage
[0m[22m
20:20:23.827 [info] ==> decimal

[0m[36m
20:20:23.827 [debug] sent notification server -> client window/logMessage
[0m[22m
20:20:23.827 [info] Compiling 1 file (.ex)

[0m[36m
20:20:23.839 [debug] sent notification server -> client window/logMessage
[0m[22m
20:20:23.839 [info]       warning: single-quoted strings represent charlists. Use ~c"" if you indeed want a charlist or use "" instead
      │
 1403 │           '0.' ++ :lists.duplicate(-diff, ?0) ++ list
      │           ~
      │
      └─ lib/decimal.ex:1403:11


[0m[36m
20:20:23.842 [debug] sent notification server -> client window/logMessage
[0m[22m
20:20:23.842 [info]       warning: single-quoted strings represent charlists. Use ~c"" if you indeed want a charlist or use "" instead
      │
 1434 │           list = list ++ 'E'
      │                          ~
      │
      └─ lib/decimal.ex:1434:26


[0m[36m
20:20:23.846 [debug] sent notification server -> client window/logMessage
[0m[22m
20:20:23.846 [info]       warning: single-quoted strings represent charlists. Use ~c"" if you indeed want a charlist or use "" instead
      │
 1435 │           list = if exp >= 0, do: list ++ '+', else: list
      │                                           ~
      │
      └─ lib/decimal.ex:1435:43


[0m[36m
20:20:23.850 [debug] sent notification server -> client window/logMessage
[0m[22m
20:20:23.850 [info]       warning: single-quoted strings represent charlists. Use ~c"" if you indeed want a charlist or use "" instead
      │
 1873 │       int = if int == [], do: '0', else: int
      │                               ~
      │
      └─ lib/decimal.ex:1873:31


[0m[36m
20:20:23.855 [debug] sent notification server -> client window/logMessage
[0m[22m
20:20:23.855 [info]       warning: single-quoted strings represent charlists. Use ~c"" if you indeed want a charlist or use "" instead
      │
 1874 │       exp = if exp == [], do: '0', else: exp
      │                               ~
      │
      └─ lib/decimal.ex:1874:31


[0m[36m
20:20:24.293 [debug] sent notification server -> client window/logMessage
[0m[22m
20:20:24.293 [info] Generated decimal app

[0m[36m
20:20:24.304 [debug] sent notification server -> client window/logMessage
[0m[22m
20:20:24.304 [info] ==> html_entities
Compiling 2 files (.ex)

[0m[36m
20:20:24.373 id=11 [debug] sent request server -> client window/workDoneProgress/create
[0m[36m
20:20:24.373 [debug] sent notification server -> client $/progress
[0m[36m
20:20:24.480 [debug] sent notification server -> client $/progress
[0m[36m
20:20:24.577 [debug] sent notification server -> client window/logMessage
[0m[22m
20:20:24.577 [info] Generated html_entities app

[0m[36m
20:20:24.594 [debug] sent notification server -> client window/logMessage
[0m[22m
20:20:24.595 [info] warning: in order to compile .xrl files, you must add "compilers: [:leex] ++ Mix.compilers()" to the "def project" section of floki's mix.exs
  (mix 1.17.0-dev) lib/mix/tasks/compile.leex.ex:69: Mix.Tasks.Compile.Leex.preload/1
  (mix 1.17.0-dev) lib/mix/compilers/erlang.ex:66: Mix.Compilers.Erlang.compile/6
  (mix 1.17.0-dev) lib/mix/task.ex:495: anonymous fn/3 in Mix.Task.run_task/5
  (mix 1.17.0-dev) lib/mix/tasks/compile.all.ex:108: Mix.Tasks.Compile.All.run_compiler/2
  (mix 1.17.0-dev) lib/mix/tasks/compile.all.ex:88: Mix.Tasks.Compile.All.compile/4
  (mix 1.17.0-dev) lib/mix/tasks/compile.all.ex:62: Mix.Tasks.Compile.All.run/1


[0m[36m
20:20:24.608 [debug] sent notification server -> client window/logMessage
[0m[22m
20:20:24.608 [info] ==> floki
Compiling 2 files (.erl)

[0m[36m
20:20:24.924 [debug] sent notification server -> client window/logMessage
[0m[22m
20:20:24.924 [info] Compiling 24 files (.ex)

[0m[36m
20:20:24.949 id=194 [debug] sent request server -> client window/workDoneProgress/create
[0m[36m
20:20:24.949 [debug] sent notification server -> client $/progress
[0m[36m
20:20:24.967 [debug] sent notification server -> client window/logMessage
[0m[22m
20:20:24.967 [info]     warning: single-quoted strings represent charlists. Use ~c"" if you indeed want a charlist or use "" instead
    │
 51 │   defp do_parse([{'*', _} | t], selector) do
    │                   ~
    │
    └─ lib/floki/selector/parser.ex:51:19


[0m[36m
20:20:24.967 [debug] sent notification server -> client window/logMessage
[0m[22m
20:20:24.968 [info]     warning: single-quoted strings represent charlists. Use ~c"" if you indeed want a charlist or use "" instead
    │
 63 │   defp do_parse([{'[', _} | t], selector) do
    │                   ~
    │
    └─ lib/floki/selector/parser.ex:63:19


[0m[36m
20:20:24.969 [debug] sent notification server -> client window/logMessage
[0m[22m
20:20:24.969 [info]      warning: single-quoted strings represent charlists. Use ~c"" if you indeed want a charlist or use "" instead
     │
 170 │   defp consume_attribute(:consuming, [{']', _} | t], attr_selector) do
     │                                        ~
     │
     └─ lib/floki/selector/parser.ex:170:40


[0m[36m
20:20:24.973 [debug] sent notification server -> client window/logMessage
[0m[22m
20:20:24.973 [info]      warning: single-quoted strings represent charlists. Use ~c"" if you indeed want a charlist or use "" instead
     │
 235 │   defp do_parse_pseudo_not(tokens = [{'[', _} | _t], pseudo_not_selector, pseudo_class) do
     │                                       ~
     │
     └─ lib/floki/selector/parser.ex:235:39


[0m[36m
20:20:25.123 [debug] sent notification server -> client window/logMessage
[0m[22m
20:20:25.123 [info] Generated floki app

[0m[36m
20:20:25.182 [debug] sent notification server -> client window/logMessage
[0m[22m
20:20:25.182 [info] ==> mime
Compiling 2 files (.ex)

[0m[36m
20:20:25.307 [debug] sent notification server -> client $/progress
[0m[36m
20:20:25.922 [debug] sent notification server -> client window/logMessage
[0m[22m
20:20:25.922 [info] Generated mime app

[0m[36m
20:20:25.936 [debug] sent notification server -> client window/logMessage
[0m[22m
20:20:25.936 [info] ==> telemetry_metrics

[0m[36m
20:20:25.936 [debug] sent notification server -> client window/logMessage
[0m[22m
20:20:25.937 [info] Compiling 7 files (.ex)

[0m[36m
20:20:26.033 [debug] sent notification server -> client window/logMessage
[0m[22m
20:20:26.033 [info]      warning: System.stacktrace/0 is deprecated. Use __STACKTRACE__ instead
     │
 123 │                   Exception.format(:error, e, System.stacktrace())
     │                                                      ~
     │
     └─ (telemetry_metrics 0.5.0) lib/telemetry_metrics/console_reporter.ex:123:54: Telemetry.Metrics.ConsoleReporter.handle_event/4


[0m[36m
20:20:26.035 [debug] sent notification server -> client window/logMessage
[0m[22m
20:20:26.035 [info] Generated telemetry_metrics app

[0m[36m
20:20:26.052 [debug] sent notification server -> client window/logMessage
[0m[22m
20:20:26.052 [info] ==> jason

[0m[36m
20:20:26.052 [debug] sent notification server -> client window/logMessage
[0m[22m
20:20:26.052 [info] Compiling 8 files (.ex)

[0m[36m
20:20:26.054 [debug] sent notification server -> client window/logMessage
[0m[22m
20:20:26.054 [info]     warning: single-quoted strings represent charlists. Use ~c"" if you indeed want a charlist or use "" instead
    │
 51 │     collapse_static(List.flatten(["{", elements] ++ '}'))
    │                                                     ~
    │
    └─ lib/codegen.ex:51:53


[0m[36m
20:20:26.056 [debug] sent notification server -> client window/logMessage
[0m[22m
20:20:26.056 [info]      warning: single-quoted strings represent charlists. Use ~c"" if you indeed want a charlist or use "" instead
     │
 118 │       if byte > 0x7F or byte < 0x1F or byte in '"\\/' do
     │                                                ~
     │
     └─ lib/codegen.ex:118:48


[0m[36m
20:20:26.057 [debug] sent notification server -> client window/logMessage
[0m[22m
20:20:26.057 [info]      warning: single-quoted strings represent charlists. Use ~c"" if you indeed want a charlist or use "" instead
     │
 164 │   defp pp_byte(byte, rest, output, depth, empty, opts) when byte in ' \n\r\t' do
     │                                                                     ~
     │
     └─ lib/formatter.ex:164:69


[0m[36m
20:20:26.058 [debug] sent notification server -> client window/logMessage
[0m[22m
20:20:26.058 [info]      warning: single-quoted strings represent charlists. Use ~c"" if you indeed want a charlist or use "" instead
     │
 168 │   defp pp_byte(byte, rest, output, depth, empty, opts) when byte in '{[' do
     │                                                                     ~
     │
     └─ lib/formatter.ex:168:69


[0m[36m
20:20:26.059 [debug] sent notification server -> client window/logMessage
[0m[22m
20:20:26.059 [info]      warning: single-quoted strings represent charlists. Use ~c"" if you indeed want a charlist or use "" instead
     │
 181 │   defp pp_byte(byte, rest, output, depth, true = _empty, opts) when byte in '}]' do
     │                                                                             ~
     │
     └─ lib/formatter.ex:181:77


[0m[36m
20:20:26.060 [debug] sent notification server -> client window/logMessage
[0m[22m
20:20:26.060 [info]      warning: single-quoted strings represent charlists. Use ~c"" if you indeed want a charlist or use "" instead
     │
 187 │   defp pp_byte(byte, rest, output, depth, false = empty, opts) when byte in '}]' do
     │                                                                             ~
     │
     └─ lib/formatter.ex:187:77


[0m[36m
20:20:26.061 [debug] sent notification server -> client window/logMessage
[0m[22m
20:20:26.061 [info]      warning: single-quoted strings represent charlists. Use ~c"" if you indeed want a charlist or use "" instead
     │
 193 │   defp pp_byte(byte, rest, output, depth, _empty, opts) when byte in ',' do
     │                                                                      ~
     │
     └─ lib/formatter.ex:193:70


[0m[36m
20:20:26.062 [debug] sent notification server -> client window/logMessage
[0m[22m
20:20:26.063 [info]      warning: single-quoted strings represent charlists. Use ~c"" if you indeed want a charlist or use "" instead
     │
 199 │   defp pp_byte(byte, rest, output, depth, empty, opts) when byte in ':' do
     │                                                                     ~
     │
     └─ lib/formatter.ex:199:69


[0m[36m
20:20:26.063 [debug] sent notification server -> client window/logMessage
[0m[22m
20:20:26.063 [info]      warning: single-quoted strings represent charlists. Use ~c"" if you indeed want a charlist or use "" instead
     │
 148 │     ']'
     │     ~
     │
     └─ lib/encode.ex:148:5


[0m[36m
20:20:26.064 [debug] sent notification server -> client window/logMessage
[0m[22m
20:20:26.064 [info]      warning: single-quoted strings represent charlists. Use ~c"" if you indeed want a charlist or use "" instead
     │
 177 │     '}'
     │     ~
     │
     └─ lib/encode.ex:177:5


[0m[36m
20:20:26.065 [debug] sent notification server -> client window/logMessage
[0m[22m
20:20:26.065 [info]      warning: single-quoted strings represent charlists. Use ~c"" if you indeed want a charlist or use "" instead
     │
 195 │     '}'
     │     ~
     │
     └─ lib/encode.ex:195:5


[0m[36m
20:20:26.067 [debug] sent notification server -> client window/logMessage
[0m[22m
20:20:26.067 [info]      warning: single-quoted strings represent charlists. Use ~c"" if you indeed want a charlist or use "" instead
     │
 261 │   slash_escapes = Enum.zip('\b\t\n\f\r\"\\', 'btnfr"\\')
     │                            ~
     │
     └─ lib/encode.ex:261:28


[0m[36m
20:20:26.069 [debug] sent notification server -> client window/logMessage
[0m[22m
20:20:26.069 [info]      warning: single-quoted strings represent charlists. Use ~c"" if you indeed want a charlist or use "" instead
     │
 261 │   slash_escapes = Enum.zip('\b\t\n\f\r\"\\', 'btnfr"\\')
     │                                              ~
     │
     └─ lib/encode.ex:261:46


[0m[36m
20:20:26.069 [debug] sent notification server -> client window/logMessage
[0m[22m
20:20:26.070 [info]     warning: single-quoted strings represent charlists. Use ~c"" if you indeed want a charlist or use "" instead
    │
 69 │       _ in '\s\n\t\r', rest ->
    │            ~
    │
    └─ lib/decoder.ex:69:12


[0m[36m
20:20:26.070 [debug] sent notification server -> client window/logMessage
[0m[22m
20:20:26.070 [info]     warning: single-quoted strings represent charlists. Use ~c"" if you indeed want a charlist or use "" instead
    │
 71 │       _ in '0', rest ->
    │            ~
    │
    └─ lib/decoder.ex:71:12


[0m[36m
20:20:26.071 [debug] sent notification server -> client window/logMessage
[0m[22m
20:20:26.071 [info]     warning: single-quoted strings represent charlists. Use ~c"" if you indeed want a charlist or use "" instead
    │
 73 │       _ in '123456789', rest ->
    │            ~
    │
    └─ lib/decoder.ex:73:12


[0m[36m
20:20:26.071 [debug] sent notification server -> client window/logMessage
[0m[22m
20:20:26.071 [info]     warning: single-quoted strings represent charlists. Use ~c"" if you indeed want a charlist or use "" instead
    │
 75 │       _ in '-', rest ->
    │            ~
    │
    └─ lib/decoder.ex:75:12


[0m[36m
20:20:26.072 [debug] sent notification server -> client window/logMessage
[0m[22m
20:20:26.072 [info]     warning: single-quoted strings represent charlists. Use ~c"" if you indeed want a charlist or use "" instead
    │
 77 │       _ in '"', rest ->
    │            ~
    │
    └─ lib/decoder.ex:77:12


[0m[36m
20:20:26.072 [debug] sent notification server -> client window/logMessage
[0m[22m
20:20:26.072 [info]     warning: single-quoted strings represent charlists. Use ~c"" if you indeed want a charlist or use "" instead
    │
 79 │       _ in '[', rest ->
    │            ~
    │
    └─ lib/decoder.ex:79:12


[0m[36m
20:20:26.073 [debug] sent notification server -> client window/logMessage
[0m[22m
20:20:26.073 [info]     warning: single-quoted strings represent charlists. Use ~c"" if you indeed want a charlist or use "" instead
    │
 81 │       _ in '{', rest ->
    │            ~
    │
    └─ lib/decoder.ex:81:12


[0m[36m
20:20:26.075 [debug] sent notification server -> client window/logMessage
[0m[22m
20:20:26.075 [info]     warning: single-quoted strings represent charlists. Use ~c"" if you indeed want a charlist or use "" instead
    │
 83 │       _ in ']', rest ->
    │            ~
    │
    └─ lib/decoder.ex:83:12


[0m[36m
20:20:26.075 [debug] sent notification server -> client window/logMessage
[0m[22m
20:20:26.076 [info]     warning: single-quoted strings represent charlists. Use ~c"" if you indeed want a charlist or use "" instead
    │
 85 │       _ in 't', rest ->
    │            ~
    │
    └─ lib/decoder.ex:85:12


[0m[36m
20:20:26.076 [debug] sent notification server -> client window/logMessage
[0m[22m
20:20:26.076 [info]     warning: single-quoted strings represent charlists. Use ~c"" if you indeed want a charlist or use "" instead
    │
 92 │       _ in 'f', rest ->
    │            ~
    │
    └─ lib/decoder.ex:92:12


[0m[36m
20:20:26.077 [debug] sent notification server -> client window/logMessage
[0m[22m
20:20:26.077 [info]     warning: single-quoted strings represent charlists. Use ~c"" if you indeed want a charlist or use "" instead
    │
 99 │       _ in 'n', rest ->
    │            ~
    │
    └─ lib/decoder.ex:99:12


[0m[36m
20:20:26.078 [debug] sent notification server -> client window/logMessage
[0m[22m
20:20:26.078 [info]      warning: single-quoted strings represent charlists. Use ~c"" if you indeed want a charlist or use "" instead
     │
 117 │        when byte in '123456789' do
     │                     ~
     │
     └─ lib/decoder.ex:117:21


[0m[36m
20:20:26.079 [debug] sent notification server -> client window/logMessage
[0m[22m
20:20:26.079 [info]      warning: single-quoted strings represent charlists. Use ~c"" if you indeed want a charlist or use "" instead
     │
 125 │        when byte in '0123456789' do
     │                     ~
     │
     └─ lib/decoder.ex:125:21


[0m[36m
20:20:26.079 [debug] sent notification server -> client window/logMessage
[0m[22m
20:20:26.079 [info]      warning: single-quoted strings represent charlists. Use ~c"" if you indeed want a charlist or use "" instead
     │
 131 │   defp number(<<e, rest::bits>>, original, skip, stack, key_decode, string_decode, len) when e in 'eE' do
     │                                                                                                   ~
     │
     └─ lib/decoder.ex:131:99


[0m[36m
20:20:26.081 [debug] sent notification server -> client window/logMessage
[0m[22m
20:20:26.081 [info]      warning: single-quoted strings represent charlists. Use ~c"" if you indeed want a charlist or use "" instead
     │
 141 │        when byte in '0123456789' do
     │                     ~
     │
     └─ lib/decoder.ex:141:21


[0m[36m
20:20:26.081 [debug] sent notification server -> client window/logMessage
[0m[22m
20:20:26.082 [info]      warning: single-quoted strings represent charlists. Use ~c"" if you indeed want a charlist or use "" instead
     │
 149 │        when byte in '0123456789' do
     │                     ~
     │
     └─ lib/decoder.ex:149:21


[0m[36m
20:20:26.082 [debug] sent notification server -> client window/logMessage
[0m[22m
20:20:26.083 [info]      warning: single-quoted strings represent charlists. Use ~c"" if you indeed want a charlist or use "" instead
     │
 153 │        when e in 'eE' do
     │                  ~
     │
     └─ lib/decoder.ex:153:18


[0m[36m
20:20:26.084 [debug] sent notification server -> client window/logMessage
[0m[22m
20:20:26.084 [info]      warning: single-quoted strings represent charlists. Use ~c"" if you indeed want a charlist or use "" instead
     │
 163 │        when byte in '0123456789' do
     │                     ~
     │
     └─ lib/decoder.ex:163:21


[0m[36m
20:20:26.085 [debug] sent notification server -> client window/logMessage
[0m[22m
20:20:26.085 [info]      warning: single-quoted strings represent charlists. Use ~c"" if you indeed want a charlist or use "" instead
     │
 167 │        when byte in '+-' do
     │                     ~
     │
     └─ lib/decoder.ex:167:21


[0m[36m
20:20:26.085 [debug] sent notification server -> client window/logMessage
[0m[22m
20:20:26.085 [info]      warning: single-quoted strings represent charlists. Use ~c"" if you indeed want a charlist or use "" instead
     │
 175 │        when byte in '0123456789' do
     │                     ~
     │
     └─ lib/decoder.ex:175:21


[0m[36m
20:20:26.086 [debug] sent notification server -> client window/logMessage
[0m[22m
20:20:26.086 [info]      warning: single-quoted strings represent charlists. Use ~c"" if you indeed want a charlist or use "" instead
     │
 183 │        when byte in '0123456789' do
     │                     ~
     │
     └─ lib/decoder.ex:183:21


[0m[36m
20:20:26.087 [debug] sent notification server -> client window/logMessage
[0m[22m
20:20:26.087 [info]      warning: single-quoted strings represent charlists. Use ~c"" if you indeed want a charlist or use "" instead
     │
 193 │        when byte in '0123456789' do
     │                     ~
     │
     └─ lib/decoder.ex:193:21


[0m[36m
20:20:26.088 [debug] sent notification server -> client window/logMessage
[0m[22m
20:20:26.088 [info]      warning: single-quoted strings represent charlists. Use ~c"" if you indeed want a charlist or use "" instead
     │
 197 │        when byte in '+-' do
     │                     ~
     │
     └─ lib/decoder.ex:197:21


[0m[36m
20:20:26.089 [debug] sent notification server -> client window/logMessage
[0m[22m
20:20:26.089 [info]      warning: single-quoted strings represent charlists. Use ~c"" if you indeed want a charlist or use "" instead
     │
 205 │        when byte in '0123456789' do
     │                     ~
     │
     └─ lib/decoder.ex:205:21


[0m[36m
20:20:26.091 [debug] sent notification server -> client window/logMessage
[0m[22m
20:20:26.091 [info]      warning: single-quoted strings represent charlists. Use ~c"" if you indeed want a charlist or use "" instead
     │
 213 │        when byte in '0123456789' do
     │                     ~
     │
     └─ lib/decoder.ex:213:21


[0m[36m
20:20:26.092 [debug] sent notification server -> client window/logMessage
[0m[22m
20:20:26.092 [info]      warning: single-quoted strings represent charlists. Use ~c"" if you indeed want a charlist or use "" instead
     │
 230 │   defp number_zero(<<e, rest::bits>>, original, skip, stack, key_decode, string_decode, len) when e in 'eE' do
     │                                                                                                        ~
     │
     └─ lib/decoder.ex:230:104


[0m[36m
20:20:26.093 [debug] sent notification server -> client window/logMessage
[0m[22m
20:20:26.093 [info]      warning: single-quoted strings represent charlists. Use ~c"" if you indeed want a charlist or use "" instead
     │
 254 │       _ in '\s\n\t\r', rest ->
     │            ~
     │
     └─ lib/decoder.ex:254:12


[0m[36m
20:20:26.094 [debug] sent notification server -> client window/logMessage
[0m[22m
20:20:26.094 [info]      warning: single-quoted strings represent charlists. Use ~c"" if you indeed want a charlist or use "" instead
     │
 256 │       _ in ']', rest ->
     │            ~
     │
     └─ lib/decoder.ex:256:12


[0m[36m
20:20:26.097 [debug] sent notification server -> client window/logMessage
[0m[22m
20:20:26.097 [info]      warning: single-quoted strings represent charlists. Use ~c"" if you indeed want a charlist or use "" instead
     │
 260 │       _ in ',', rest ->
     │            ~
     │
     └─ lib/decoder.ex:260:12


[0m[36m
20:20:26.098 [debug] sent notification server -> client window/logMessage
[0m[22m
20:20:26.098 [info]      warning: single-quoted strings represent charlists. Use ~c"" if you indeed want a charlist or use "" instead
     │
 278 │       _ in '\s\n\t\r', rest ->
     │            ~
     │
     └─ lib/decoder.ex:278:12


[0m[36m
20:20:26.099 [debug] sent notification server -> client window/logMessage
[0m[22m
20:20:26.099 [info]      warning: single-quoted strings represent charlists. Use ~c"" if you indeed want a charlist or use "" instead
     │
 280 │       _ in '}', rest ->
     │            ~
     │
     └─ lib/decoder.ex:280:12


[0m[36m
20:20:26.100 [debug] sent notification server -> client window/logMessage
[0m[22m
20:20:26.100 [info]      warning: single-quoted strings represent charlists. Use ~c"" if you indeed want a charlist or use "" instead
     │
 285 │       _ in ',', rest ->
     │            ~
     │
     └─ lib/decoder.ex:285:12


[0m[36m
20:20:26.101 [debug] sent notification server -> client window/logMessage
[0m[22m
20:20:26.101 [info]      warning: single-quoted strings represent charlists. Use ~c"" if you indeed want a charlist or use "" instead
     │
 299 │       _ in '\s\n\t\r', rest ->
     │            ~
     │
     └─ lib/decoder.ex:299:12


[0m[36m
20:20:26.103 [debug] sent notification server -> client window/logMessage
[0m[22m
20:20:26.103 [info]      warning: single-quoted strings represent charlists. Use ~c"" if you indeed want a charlist or use "" instead
     │
 301 │       _ in '}', rest ->
     │            ~
     │
     └─ lib/decoder.ex:301:12


[0m[36m
20:20:26.104 [debug] sent notification server -> client window/logMessage
[0m[22m
20:20:26.104 [info]      warning: single-quoted strings represent charlists. Use ~c"" if you indeed want a charlist or use "" instead
     │
 308 │       _ in '"', rest ->
     │            ~
     │
     └─ lib/decoder.ex:308:12


[0m[36m
20:20:26.105 [debug] sent notification server -> client window/logMessage
[0m[22m
20:20:26.105 [info]      warning: single-quoted strings represent charlists. Use ~c"" if you indeed want a charlist or use "" instead
     │
 319 │       _ in '\s\n\t\r', rest ->
     │            ~
     │
     └─ lib/decoder.ex:319:12


[0m[36m
20:20:26.107 [debug] sent notification server -> client window/logMessage
[0m[22m
20:20:26.107 [info]      warning: single-quoted strings represent charlists. Use ~c"" if you indeed want a charlist or use "" instead
     │
 321 │       _ in ':', rest ->
     │            ~
     │
     └─ lib/decoder.ex:321:12


[0m[36m
20:20:26.108 [debug] sent notification server -> client window/logMessage
[0m[22m
20:20:26.108 [info]      warning: single-quoted strings represent charlists. Use ~c"" if you indeed want a charlist or use "" instead
     │
 335 │       _ in '"', rest ->
     │            ~
     │
     └─ lib/decoder.ex:335:12


[0m[36m
20:20:26.110 [debug] sent notification server -> client window/logMessage
[0m[22m
20:20:26.110 [info]      warning: single-quoted strings represent charlists. Use ~c"" if you indeed want a charlist or use "" instead
     │
 338 │       _ in '\\', rest ->
     │            ~
     │
     └─ lib/decoder.ex:338:12


[0m[36m
20:20:26.111 [debug] sent notification server -> client window/logMessage
[0m[22m
20:20:26.111 [info]      warning: single-quoted strings represent charlists. Use ~c"" if you indeed want a charlist or use "" instead
     │
 358 │       _ in '"', rest ->
     │            ~
     │
     └─ lib/decoder.ex:358:12


[0m[36m
20:20:26.113 [debug] sent notification server -> client window/logMessage
[0m[22m
20:20:26.113 [info]      warning: single-quoted strings represent charlists. Use ~c"" if you indeed want a charlist or use "" instead
     │
 362 │       _ in '\\', rest ->
     │            ~
     │
     └─ lib/decoder.ex:362:12


[0m[36m
20:20:26.114 [debug] sent notification server -> client window/logMessage
[0m[22m
20:20:26.115 [info]      warning: single-quoted strings represent charlists. Use ~c"" if you indeed want a charlist or use "" instead
     │
 382 │       _ in 'b', rest ->
     │            ~
     │
     └─ lib/decoder.ex:382:12


[0m[36m
20:20:26.116 [debug] sent notification server -> client window/logMessage
[0m[22m
20:20:26.116 [info]      warning: single-quoted strings represent charlists. Use ~c"" if you indeed want a charlist or use "" instead
     │
 383 │         string(rest, original, skip + 2, stack, key_decode, string_decode, [acc | '\b'], 0)
     │                                                                                   ~
     │
     └─ lib/decoder.ex:383:83


[0m[36m
20:20:26.117 [debug] sent notification server -> client window/logMessage
[0m[22m
20:20:26.117 [info]      warning: single-quoted strings represent charlists. Use ~c"" if you indeed want a charlist or use "" instead
     │
 384 │       _ in 't', rest ->
     │            ~
     │
     └─ lib/decoder.ex:384:12


[0m[36m
20:20:26.119 [debug] sent notification server -> client window/logMessage
[0m[22m
20:20:26.119 [info]      warning: single-quoted strings represent charlists. Use ~c"" if you indeed want a charlist or use "" instead
     │
 385 │         string(rest, original, skip + 2, stack, key_decode, string_decode, [acc | '\t'], 0)
     │                                                                                   ~
     │
     └─ lib/decoder.ex:385:83


[0m[36m
20:20:26.120 [debug] sent notification server -> client window/logMessage
[0m[22m
20:20:26.120 [info]      warning: single-quoted strings represent charlists. Use ~c"" if you indeed want a charlist or use "" instead
     │
 386 │       _ in 'n', rest ->
     │            ~
     │
     └─ lib/decoder.ex:386:12


[0m[36m
20:20:26.122 [debug] sent notification server -> client window/logMessage
[0m[22m
20:20:26.122 [info]      warning: single-quoted strings represent charlists. Use ~c"" if you indeed want a charlist or use "" instead
     │
 387 │         string(rest, original, skip + 2, stack, key_decode, string_decode, [acc | '\n'], 0)
     │                                                                                   ~
     │
     └─ lib/decoder.ex:387:83


[0m[36m
20:20:26.123 [debug] sent notification server -> client window/logMessage
[0m[22m
20:20:26.123 [info]      warning: single-quoted strings represent charlists. Use ~c"" if you indeed want a charlist or use "" instead
     │
 388 │       _ in 'f', rest ->
     │            ~
     │
     └─ lib/decoder.ex:388:12


[0m[36m
20:20:26.125 [debug] sent notification server -> client window/logMessage
[0m[22m
20:20:26.125 [info]      warning: single-quoted strings represent charlists. Use ~c"" if you indeed want a charlist or use "" instead
     │
 389 │         string(rest, original, skip + 2, stack, key_decode, string_decode, [acc | '\f'], 0)
     │                                                                                   ~
     │
     └─ lib/decoder.ex:389:83


[0m[36m
20:20:26.128 [debug] sent notification server -> client window/logMessage
[0m[22m
20:20:26.128 [info]      warning: single-quoted strings represent charlists. Use ~c"" if you indeed want a charlist or use "" instead
     │
 390 │       _ in 'r', rest ->
     │            ~
     │
     └─ lib/decoder.ex:390:12


[0m[36m
20:20:26.129 [debug] sent notification server -> client window/logMessage
[0m[22m
20:20:26.129 [info]      warning: single-quoted strings represent charlists. Use ~c"" if you indeed want a charlist or use "" instead
     │
 391 │         string(rest, original, skip + 2, stack, key_decode, string_decode, [acc | '\r'], 0)
     │                                                                                   ~
     │
     └─ lib/decoder.ex:391:83


[0m[36m
20:20:26.131 [debug] sent notification server -> client window/logMessage
[0m[22m
20:20:26.131 [info]      warning: single-quoted strings represent charlists. Use ~c"" if you indeed want a charlist or use "" instead
     │
 392 │       _ in '"', rest ->
     │            ~
     │
     └─ lib/decoder.ex:392:12


[0m[36m
20:20:26.132 [debug] sent notification server -> client window/logMessage
[0m[22m
20:20:26.132 [info]      warning: single-quoted strings represent charlists. Use ~c"" if you indeed want a charlist or use "" instead
     │
 393 │         string(rest, original, skip + 2, stack, key_decode, string_decode, [acc | '\"'], 0)
     │                                                                                   ~
     │
     └─ lib/decoder.ex:393:83


[0m[36m
20:20:26.134 [debug] sent notification server -> client window/logMessage
[0m[22m
20:20:26.134 [info]      warning: single-quoted strings represent charlists. Use ~c"" if you indeed want a charlist or use "" instead
     │
 394 │       _ in '/', rest ->
     │            ~
     │
     └─ lib/decoder.ex:394:12


[0m[36m
20:20:26.135 [debug] sent notification server -> client window/logMessage
[0m[22m
20:20:26.135 [info]      warning: single-quoted strings represent charlists. Use ~c"" if you indeed want a charlist or use "" instead
     │
 395 │         string(rest, original, skip + 2, stack, key_decode, string_decode, [acc | '/'], 0)
     │                                                                                   ~
     │
     └─ lib/decoder.ex:395:83


[0m[36m
20:20:26.137 [debug] sent notification server -> client window/logMessage
[0m[22m
20:20:26.137 [info]      warning: single-quoted strings represent charlists. Use ~c"" if you indeed want a charlist or use "" instead
     │
 396 │       _ in '\\', rest ->
     │            ~
     │
     └─ lib/decoder.ex:396:12


[0m[36m
20:20:26.138 [debug] sent notification server -> client window/logMessage
[0m[22m
20:20:26.138 [info]      warning: single-quoted strings represent charlists. Use ~c"" if you indeed want a charlist or use "" instead
     │
 397 │         string(rest, original, skip + 2, stack, key_decode, string_decode, [acc | '\\'], 0)
     │                                                                                   ~
     │
     └─ lib/decoder.ex:397:83


[0m[36m
20:20:26.140 [debug] sent notification server -> client window/logMessage
[0m[22m
20:20:26.140 [info]      warning: single-quoted strings represent charlists. Use ~c"" if you indeed want a charlist or use "" instead
     │
 398 │       _ in 'u', rest ->
     │            ~
     │
     └─ lib/decoder.ex:398:12


[0m[36m
20:20:26.143 [debug] sent notification server -> client window/logMessage
[0m[22m
20:20:26.143 [info]      warning: single-quoted strings represent charlists. Use ~c"" if you indeed want a charlist or use "" instead
     │
 555 │       digits1 = 'Dd'
     │                 ~
     │
     └─ lib/decoder.ex:555:17


[0m[36m
20:20:26.145 [debug] sent notification server -> client window/logMessage
[0m[22m
20:20:26.145 [info]      warning: single-quoted strings represent charlists. Use ~c"" if you indeed want a charlist or use "" instead
     │
 648 │        when byte in '\s\n\r\t' do
     │                     ~
     │
     └─ lib/decoder.ex:648:21


[0m[36m
20:20:26.407 id=258 [debug] sent request server -> client window/workDoneProgress/create
[0m[36m
20:20:26.407 [debug] sent notification server -> client $/progress
[0m[36m
20:20:26.591 [debug] sent notification server -> client $/progress
[0m[36m
20:20:27.258 [debug] sent notification server -> client window/logMessage
[0m[22m
20:20:27.258 [info] Generated jason app

[0m[36m
20:20:27.303 [debug] sent notification server -> client window/logMessage
[0m[22m
20:20:27.303 [info] ==> db_connection
Compiling 14 files (.ex)

[0m[36m
20:20:27.309 [debug] sent notification server -> client window/logMessage
[0m[22m
20:20:27.309 [info]      warning: single-quoted strings represent charlists. Use ~c"" if you indeed want a charlist or use "" instead
     │
 275 │       :normal    -> [{:data, [{'Module', mod}]}]
     │                                ~
     │
     └─ lib/db_connection/connection.ex:275:32


[0m[36m
20:20:27.312 [debug] sent notification server -> client window/logMessage
[0m[22m
20:20:27.313 [info]      warning: single-quoted strings represent charlists. Use ~c"" if you indeed want a charlist or use "" instead
     │
 377 │     [{:data, [{'Module', mod}, {'State', state}]}]
     │                ~
     │
     └─ lib/db_connection/connection.ex:377:16


[0m[36m
20:20:27.314 [debug] sent notification server -> client window/logMessage
[0m[22m
20:20:27.314 [info]      warning: single-quoted strings represent charlists. Use ~c"" if you indeed want a charlist or use "" instead
     │
 377 │     [{:data, [{'Module', mod}, {'State', state}]}]
     │                                 ~
     │
     └─ lib/db_connection/connection.ex:377:33


[0m[36m
20:20:27.341 id=10 [debug] sent request server -> client window/workDoneProgress/create
[0m[36m
20:20:27.342 [debug] sent notification server -> client $/progress
[0m[36m
20:20:27.676 [debug] sent notification server -> client $/progress
[0m[36m
20:20:27.769 [debug] sent notification server -> client window/logMessage
[0m[22m
20:20:27.769 [info]     warning: System.stacktrace/0 is deprecated. Use __STACKTRACE__ instead
    │
 72 │         {e, stack} = maybe_sanitize_exception(e, System.stacktrace(), opts)
    │                                                         ~
    │
    └─ (db_connection 2.2.2) lib/db_connection/connection.ex:72:57: DBConnection.Connection.connect/2


[0m[36m
20:20:27.770 [debug] sent notification server -> client window/logMessage
[0m[22m
20:20:27.770 [info]      warning: System.stacktrace/0 is deprecated. Use __STACKTRACE__ instead
     │
 319 │         {:catch, kind, reason, System.stacktrace()}
     │                                       ~
     │
     └─ (db_connection 2.2.2) lib/db_connection/holder.ex:319:39: DBConnection.Holder.holder_apply/4


[0m[36m
20:20:27.772 [debug] sent notification server -> client window/logMessage
[0m[22m
20:20:27.772 [info]      warning: :random.seed/3 is deprecated. Use the 'rand' module instead
     │
 105 │     case :random.seed(hash, sec, micro) do
     │                  ~
     │
     └─ (db_connection 2.2.2) lib/db_connection/backoff.ex:105:18: DBConnection.Backoff.random_seed/0


[0m[36m
20:20:27.773 [debug] sent notification server -> client window/logMessage
[0m[22m
20:20:27.773 [info]      warning: System.stacktrace/0 is deprecated. Use __STACKTRACE__ instead
     │
 720 │             stacktrace = System.stacktrace()
     │                                 ~
     │
     └─ (db_connection 2.2.2) lib/db_connection.ex:720:33: DBConnection.run/3
     └─ (db_connection 2.2.2) lib/db_connection.ex:810:24: DBConnection.transaction/3
     └─ (db_connection 2.2.2) lib/db_connection.ex:1032:24: DBConnection.checkout/3
     └─ (db_connection 2.2.2) lib/db_connection.ex:1114:24: DBConnection.bad_return!/3
     └─ (db_connection 2.2.2) lib/db_connection.ex:1125:24: DBConnection.parse/3
     └─ (db_connection 2.2.2) lib/db_connection.ex:1138:24: DBConnection.describe/4
     └─ (db_connection 2.2.2) lib/db_connection.ex:1151:24: DBConnection.encode/5
     └─ (db_connection 2.2.2) lib/db_connection.ex:1166:24: DBConnection.maybe_encode/4
     └─ (db_connection 2.2.2) lib/db_connection.ex:1180:24: DBConnection.decode/4
     └─ (db_connection 2.2.2) lib/db_connection.ex:1387:24: DBConnection.log/5
     └─ (db_connection 2.2.2) lib/db_connection.ex:1443:24: DBConnection.run_transaction/4


[0m[36m
20:20:27.779 [debug] sent notification server -> client window/logMessage
[0m[22m
20:20:27.779 [info] Generated db_connection app

[0m[36m
20:20:27.829 [debug] sent notification server -> client window/logMessage
[0m[22m
20:20:27.829 [info] ==> phoenix_pubsub
Compiling 11 files (.ex)

[0m[36m
20:20:27.840 id=4 [debug] handled request client -> server textDocument/hover in 902µs
[0m[36m
20:20:27.887 id=8 [debug] sent request server -> client window/workDoneProgress/create
[0m[36m
20:20:27.887 [debug] sent notification server -> client $/progress
[0m[36m
20:20:28.019 [debug] sent notification server -> client $/progress
[0m[36m
20:20:28.098 [debug] sent notification server -> client window/logMessage
[0m[22m
20:20:28.098 [info] Generated phoenix_pubsub app

[0m[36m
20:20:28.123 [debug] sent notification server -> client window/logMessage
[0m[22m
20:20:28.123 [info] ==> plug_crypto
Compiling 5 files (.ex)

[0m[36m
20:20:28.125 [debug] sent notification server -> client window/logMessage
[0m[22m
20:20:28.125 [info]     warning: use Bitwise is deprecated. import Bitwise instead
    │
 17 │   use Bitwise
    │   ~~~~~~~~~~~
    │
    └─ lib/plug/crypto/key_generator.ex:17: Plug.Crypto.KeyGenerator (module)


[0m[36m
20:20:28.125 [debug] sent notification server -> client window/logMessage
[0m[22m
20:20:28.126 [info]      warning: ^^^ is deprecated. It is typically used as xor but it has the wrong precedence, use Bitwise.bxor/2 instead
     │
 126 │     xorred = x ^^^ (y ^^^ z)
     │                ~
     │
     └─ lib/plug/crypto.ex:126:16


[0m[36m
20:20:28.127 [debug] sent notification server -> client window/logMessage
[0m[22m
20:20:28.127 [info]      warning: ^^^ is deprecated. It is typically used as xor but it has the wrong precedence, use Bitwise.bxor/2 instead
     │
 126 │     xorred = x ^^^ (y ^^^ z)
     │                       ~
     │
     └─ lib/plug/crypto.ex:126:23


[0m[36m
20:20:28.128 [debug] sent notification server -> client window/logMessage
[0m[22m
20:20:28.128 [info]      warning: ^^^ is deprecated. It is typically used as xor but it has the wrong precedence, use Bitwise.bxor/2 instead
     │
 145 │     xorred = x ^^^ y
     │                ~
     │
     └─ lib/plug/crypto.ex:145:16


[0m[36m
20:20:28.129 [debug] sent notification server -> client window/logMessage
[0m[22m
20:20:28.129 [info]     warning: use Bitwise is deprecated. import Bitwise instead
    │
  9 │   use Bitwise
    │   ~~~~~~~~~~~
    │
    └─ lib/plug/crypto.ex:9: Plug.Crypto (module)


[0m[36m
20:20:28.189 id=74 [debug] sent request server -> client window/workDoneProgress/create
[0m[36m
20:20:28.189 [debug] sent notification server -> client $/progress
[0m[36m
20:20:28.196 [debug] sent notification server -> client window/logMessage
[0m[22m
20:20:28.196 [info]     warning: System.stacktrace/0 is deprecated. Use __STACKTRACE__ instead
    │
 24 │     e -> reraise e, Plug.Crypto.prune_args_from_stacktrace(System.stacktrace())
    │                                                                   ~
    │
    └─ (plug_crypto 1.1.2) lib/plug/crypto/message_verifier.ex:24:67: Plug.Crypto.MessageVerifier.sign/3
    └─ (plug_crypto 1.1.2) lib/plug/crypto/message_verifier.ex:33:67: Plug.Crypto.MessageVerifier.verify/2


[0m[36m
20:20:28.196 [debug] sent notification server -> client window/logMessage
[0m[22m
20:20:28.196 [info]     warning: System.stacktrace/0 is deprecated. Use __STACKTRACE__ instead
    │
 37 │     e -> reraise e, Plug.Crypto.prune_args_from_stacktrace(System.stacktrace())
    │                                                                   ~
    │
    └─ (plug_crypto 1.1.2) lib/plug/crypto/message_encryptor.ex:37:67: Plug.Crypto.MessageEncryptor.encrypt/3
    └─ (plug_crypto 1.1.2) lib/plug/crypto/message_encryptor.ex:47:67: Plug.Crypto.MessageEncryptor.decrypt/3


[0m[36m
20:20:28.196 [debug] sent notification server -> client window/logMessage
[0m[22m
20:20:28.196 [info]     warning: System.stacktrace/0 is deprecated. Use __STACKTRACE__ instead
    │
 56 │     e -> reraise e, Plug.Crypto.prune_args_from_stacktrace(System.stacktrace())
    │                                                                   ~
    │
    └─ (plug_crypto 1.1.2) lib/plug/crypto/key_generator.ex:56:67: Plug.Crypto.KeyGenerator.generate/6


[0m[36m
20:20:28.203 [debug] sent notification server -> client window/logMessage
[0m[22m
20:20:28.203 [info]     warning: :crypto.hmac/3 is undefined or private, use crypto:mac/4 instead
    │
 49 │     signature = :crypto.hmac(digest_type, key, plain_text)
    │                         ~
    │
    └─ (plug_crypto 1.1.2) lib/plug/crypto/message_verifier.ex:49:25: Plug.Crypto.MessageVerifier.hmac_sha2_sign/3
    └─ (plug_crypto 1.1.2) lib/plug/crypto/message_verifier.ex:57:29: Plug.Crypto.MessageVerifier.hmac_sha2_verify/2


[0m[36m
20:20:28.203 [debug] sent notification server -> client window/logMessage
[0m[22m
20:20:28.203 [info]     warning: :crypto.hmac/3 is undefined or private, use crypto:mac/4 instead
    │
 96 │     &:crypto.hmac(digest, secret, &1)
    │              ~
    │
    └─ (plug_crypto 1.1.2) lib/plug/crypto/key_generator.ex:96:14: Plug.Crypto.KeyGenerator.mac_fun/2


[0m[36m
20:20:28.203 [debug] sent notification server -> client window/logMessage
[0m[22m
20:20:28.203 [info]      warning: :crypto.block_decrypt/4 is undefined or private, use crypto:crypto_one_time/5, crypto:crypto_one_time_aead/6,7 or crypto:crypto_init + crypto:crypto_update + crypto:crypto_final instead
     │
 114 │     :crypto.block_decrypt(algo, key, iv, payload)
     │             ~
     │
     └─ (plug_crypto 1.1.2) lib/plug/crypto/message_encryptor.ex:114:13: Plug.Crypto.MessageEncryptor.block_decrypt/4


[0m[36m
20:20:28.203 [debug] sent notification server -> client window/logMessage
[0m[22m
20:20:28.203 [info]      warning: :crypto.block_encrypt/4 is undefined or private, use crypto:crypto_one_time/5, crypto:crypto_one_time_aead/6,7 or crypto:crypto_init + crypto:crypto_update + crypto:crypto_final instead
     │
 108 │     :crypto.block_encrypt(algo, key, iv, payload)
     │             ~
     │
     └─ (plug_crypto 1.1.2) lib/plug/crypto/message_encryptor.ex:108:13: Plug.Crypto.MessageEncryptor.block_encrypt/4


[0m[36m
20:20:28.205 [debug] sent notification server -> client window/logMessage
[0m[22m
20:20:28.205 [info] Generated plug_crypto app

[0m[36m
20:20:28.216 [debug] sent notification server -> client window/logMessage
[0m[22m
20:20:28.216 [info] ==> ssl_verify_fun
Compiling 7 files (.erl)

[0m[36m
20:20:28.221 [debug] sent notification server -> client window/logMessage
[0m[22m
20:20:28.221 [info] src/ssl_verify_fingerprint.erl:15:14: can't find include lib "public_key/include/public_key.hrl"
%   15| -include_lib("public_key/include/public_key.hrl").
%     |              ^

src/ssl_verify_hostname.erl:16:14: can't find include lib "public_key/include/public_key.hrl"
%   16| -include_lib("public_key/include/public_key.hrl").
%     |              ^

src/ssl_verify_pk.erl:14:14: can't find include lib "public_key/include/public_key.hrl"
%   14| -include_lib("public_key/include/public_key.hrl").
%     |              ^

src/ssl_verify_fun_cert_helpers.erl:13:14: can't find include lib "public_key/include/public_key.hrl"
%   13| -include_lib("public_key/include/public_key.hrl").
%     |              ^


[0m[36m
20:20:28.221 [debug] sent notification server -> client window/logMessage
[0m[22m
20:20:28.221 [info] src/ssl_verify_fingerprint.erl:27:26: record 'OTPCertificate' undefined
%   27| -spec verify_fun(Cert :: #'OTPCertificate'{},
%     |                          ^

src/ssl_verify_hostname.erl:28:26: record 'OTPCertificate' undefined
%   28| -spec verify_fun(Cert :: #'OTPCertificate'{},
%     |                          ^

src/ssl_verify_pk.erl:26:26: record 'OTPCertificate' undefined
%   26| -spec verify_fun(Cert :: #'OTPCertificate'{},
%     |                          ^

src/ssl_verify_fun_cert_helpers.erl:23:34: undefined macro 'id-ce-subjectAltName'
%   23|   AltSubject = select_extension(?'id-ce-subjectAltName', Extensions),
%     |                                  ^


[0m[36m
20:20:28.221 [debug] sent notification server -> client window/logMessage
[0m[22m
20:20:28.221 [info] src/ssl_verify_fingerprint.erl:29:39: record 'Extension' undefined
%   29|                           {extension, #'Extension'{}}, InitialUserState :: term()) ->
%     |                                       ^

src/ssl_verify_hostname.erl:30:39: record 'Extension' undefined
%   30|                           {extension, #'Extension'{}}, InitialUserState :: term()) ->
%     |                                       ^


[0m[36m
20:20:28.221 [debug] sent notification server -> client window/logMessage
[0m[22m
20:20:28.222 [info] src/ssl_verify_pk.erl:28:39: record 'Extension' undefined
%   28|                           {extension, #'Extension'{}}, InitialUserState :: term()) ->
%     |                                       ^


[0m[36m
20:20:28.222 [debug] sent notification server -> client window/logMessage
[0m[22m
20:20:28.222 [info] src/ssl_verify_fun_cert_helpers.erl:9:2: function extract_dns_names/1 undefined
%    9| -export([extract_dns_names/1,
%     |  ^


[0m[36m
20:20:28.222 [debug] sent notification server -> client window/logMessage
[0m[22m
20:20:28.222 [info] src/ssl_verify_fingerprint.erl:52:39: record 'OTPCertificate' undefined
%   52| -spec verify_cert_fingerprint(Cert :: #'OTPCertificate'{}, Fingerprint :: fingerprint()) ->
%     |                                       ^

src/ssl_verify_hostname.erl:46:36: record 'OTPCertificate' undefined
%   46| -spec verify_cert_hostname(Cert :: #'OTPCertificate'{}, Hostname :: hostname()) ->
%     |                                    ^

src/ssl_verify_pk.erl:51:30: record 'OTPCertificate' undefined
%   51| -spec verify_cert_pk(Cert :: #'OTPCertificate'{}, Pk :: pk()) ->
%     |                              ^


[0m[36m
20:20:28.222 [debug] sent notification server -> client window/logMessage
[0m[22m
20:20:28.222 [info] src/ssl_verify_fun_cert_helpers.erl:19:2: spec for undefined function extract_dns_names/1
%   19| -spec extract_dns_names(Cert :: #'OTPCertificate'{}) -> [] | [string()].
%     |  ^


[0m[36m
20:20:28.222 [debug] sent notification server -> client window/logMessage
[0m[22m
20:20:28.222 [info] src/ssl_verify_fun_cert_helpers.erl:19:33: record 'OTPCertificate' undefined
%   19| -spec extract_dns_names(Cert :: #'OTPCertificate'{}) -> [] | [string()].
%     |                                 ^

src/ssl_verify_hostname.erl:76:38: record 'OTPCertificate' undefined
%   76|                              Cert :: #'OTPCertificate'{},
%     |                                      ^


[0m[36m
20:20:28.222 [debug] sent notification server -> client window/logMessage
[0m[22m
20:20:28.222 [info] src/ssl_verify_fun_cert_helpers.erl:32:26: record 'OTPCertificate' undefined
%   32| -spec extract_cn(Cert :: #'OTPCertificate'{}) -> {error, no_common_name} | {ok, string()} | {error, invalid}.
%     |                          ^


[0m[36m
20:20:28.222 [debug] sent notification server -> client window/logMessage
[0m[22m
20:20:28.222 [info] src/ssl_verify_fun_cert_helpers.erl:34:17: record 'OTPCertificate' undefined
%   34|   TBSCert = Cert#'OTPCertificate'.tbsCertificate,
%     |                 ^


[0m[36m
20:20:28.222 [debug] sent notification server -> client window/logMessage
[0m[22m
20:20:28.222 [info] src/ssl_verify_fun_cert_helpers.erl:35:32: record 'OTPTBSCertificate' undefined
%   35|   {rdnSequence, List} = TBSCert#'OTPTBSCertificate'.subject,
%     |                                ^


[0m[36m
20:20:28.222 [debug] sent notification server -> client window/logMessage
[0m[22m
20:20:28.222 [info] src/ssl_verify_fun_cert_helpers.erl:38:26: record 'OTPCertificate' undefined
%   38| -spec extract_pk(Cert :: #'OTPCertificate'{}) -> {error, no_common_name} | #'SubjectPublicKeyInfo'{}.
%     |                          ^


[0m[36m
20:20:28.222 [debug] sent notification server -> client window/logMessage
[0m[22m
20:20:28.222 [info] src/ssl_verify_fun_cert_helpers.erl:38:76: record 'SubjectPublicKeyInfo' undefined
%   38| -spec extract_pk(Cert :: #'OTPCertificate'{}) -> {error, no_common_name} | #'SubjectPublicKeyInfo'{}.
%     |                                                                            ^


[0m[36m
20:20:28.222 [debug] sent notification server -> client window/logMessage
[0m[22m
20:20:28.223 [info] src/ssl_verify_fun_cert_helpers.erl:40:17: record 'OTPCertificate' undefined
%   40|   TBSCert = Cert#'OTPCertificate'.tbsCertificate,
%     |                 ^


[0m[36m
20:20:28.223 [debug] sent notification server -> client window/logMessage
[0m[22m
20:20:28.223 [info] src/ssl_verify_fun_cert_helpers.erl:41:26: record 'OTPTBSCertificate' undefined
%   41|   PublicKeyInfo = TBSCert#'OTPTBSCertificate'.subjectPublicKeyInfo,
%     |                          ^


[0m[36m
20:20:28.223 [debug] sent notification server -> client window/logMessage
[0m[22m
20:20:28.223 [info] src/ssl_verify_fun_cert_helpers.erl:42:16: record 'OTPSubjectPublicKeyInfo' undefined
%   42|   PublicKeyInfo#'OTPSubjectPublicKeyInfo'.subjectPublicKey.
%     |                ^


[0m[36m
20:20:28.223 [debug] sent notification server -> client window/logMessage
[0m[22m
20:20:28.223 [info] src/ssl_verify_fun_cert_helpers.erl:48:24: record 'Extension' undefined
%   48| -spec extensions_list([#'Extension'{}] | asn1_NOVALUE) -> [] | [#'Extension'{}].
%     |                        ^


[0m[36m
20:20:28.223 [debug] sent notification server -> client window/logMessage
[0m[22m
20:20:28.223 [info] src/ssl_verify_fun_cert_helpers.erl:48:65: record 'Extension' undefined
%   48| -spec extensions_list([#'Extension'{}] | asn1_NOVALUE) -> [] | [#'Extension'{}].
%     |                                                                 ^


[0m[36m
20:20:28.223 [debug] sent notification server -> client window/logMessage
[0m[22m
20:20:28.223 [info] src/ssl_verify_fun_cert_helpers.erl:55:39: record 'Extension' undefined
%   55| -spec select_extension(Id :: term(), [#'Extension'{}]) -> undefined | #'Extension'{}.
%     |                                       ^


[0m[36m
20:20:28.223 [debug] sent notification server -> client window/logMessage
[0m[22m
20:20:28.223 [info] src/ssl_verify_fun_cert_helpers.erl:55:71: record 'Extension' undefined
%   55| -spec select_extension(Id :: term(), [#'Extension'{}]) -> undefined | #'Extension'{}.
%     |                                                                       ^


[0m[36m
20:20:28.223 [debug] sent notification server -> client window/logMessage
[0m[22m
20:20:28.223 [info] src/ssl_verify_fun_cert_helpers.erl:57:28: record 'Extension' undefined
%   57|   Matching = [Extension || #'Extension'{extnID = ExtId} = Extension <- Extensions, ExtId =:= Id],
%     |                            ^


[0m[36m
20:20:28.223 [debug] sent notification server -> client window/logMessage
[0m[22m
20:20:28.224 [info] src/ssl_verify_fun_cert_helpers.erl:57:84: variable 'ExtId' is unbound
%   57|   Matching = [Extension || #'Extension'{extnID = ExtId} = Extension <- Extensions, ExtId =:= Id],
%     |                                                                                    ^


[0m[36m
20:20:28.224 [debug] sent notification server -> client window/logMessage
[0m[22m
20:20:28.224 [info] src/ssl_verify_fun_cert_helpers.erl:75:15: record 'AttributeTypeAndValue' undefined
%   75| extract_cn2([[#'AttributeTypeAndValue'{type={2, 5, 4, 3},
%     |               ^


[0m[36m
20:20:28.224 [debug] sent notification server -> client window/logMessage
[0m[22m
20:20:28.224 [info] src/ssl_verify_fun_cert_helpers.erl:77:39: variable 'CN' is unbound
%   77|   ssl_verify_fun_encodings:get_string(CN);
%     |                                       ^


[0m[36m
20:20:28.224 [debug] sent notification server -> client window/logMessage
[0m[22m
20:20:28.224 [info] src/ssl_verify_fun_cert_helpers.erl:49:1: Warning: function extensions_list/1 is unused
%   49| extensions_list(E) ->
%     | ^


[0m[36m
20:20:28.224 [debug] sent notification server -> client window/logMessage
[0m[22m
20:20:28.224 [info] src/ssl_verify_fun_cert_helpers.erl:56:1: Warning: function select_extension/2 is unused
%   56| select_extension(Id, Extensions) ->
%     | ^


[0m[36m
20:20:28.224 [debug] sent notification server -> client window/logMessage
[0m[22m
20:20:28.224 [info] src/ssl_verify_fun_cert_helpers.erl:64:1: Warning: function extract_dns_names_from_alt_names/2 is unused
%   64| extract_dns_names_from_alt_names([ExtValue | Rest], Acc) ->
%     | ^


[0m[36m
20:20:28.234 [debug] sent notification server -> client window/logMessage
[0m[22m
20:20:28.234 [info] could not compile dependency :ssl_verify_fun, "mix compile" failed. Errors may have been logged above. You can recompile this dependency with "mix deps.compile ssl_verify_fun --force", update it with "mix deps.update ssl_verify_fun" or clean it with "mix deps.clean ssl_verify_fun"

[0m[36m
20:20:28.312 [debug] sent notification server -> client $/progress
[0m[36m
20:20:29.387 id=5 [debug] handled request client -> server textDocument/hover in 488µs
[0m[36m
20:20:30.543 id=6 [debug] handled request client -> server textDocument/hover in 456µs
[0m[36m
20:20:31.591 id=7 [debug] handled request client -> server textDocument/hover in 410µs
[0m[36m
20:20:31.898 id=8 [debug] handled request client -> server textDocument/hover in 443µs
[0m[36m
20:20:32.175 id=9 [debug] handled request client -> server textDocument/hover in 399µs
[0m[36m
20:20:32.369 id=10 [debug] handled request client -> server textDocument/hover in 488µs
[0m[36m
20:20:32.543 id=11 [debug] handled request client -> server textDocument/hover in 457µs
[0m[36m
20:20:32.728 id=12 [debug] handled request client -> server textDocument/hover in 435µs
[0m[36m
20:20:32.907 id=13 [debug] handled request client -> server textDocument/hover in 528µs
[0m[36m
20:20:33.098 id=14 [debug] handled request client -> server textDocument/hover in 539µs
[0m[36m
20:20:33.285 id=15 [debug] handled request client -> server textDocument/hover in 475µs
[0m[36m
20:20:33.459 id=16 [debug] handled request client -> server textDocument/hover in 529µs
[0m[36m
20:20:33.621 id=17 [debug] handled request client -> server textDocument/hover in 566µs
[0m[36m
20:20:33.783 id=18 [debug] handled request client -> server textDocument/hover in 431µs
[0m[36m
20:20:33.941 id=19 [debug] handled request client -> server textDocument/hover in 395µs
[0m[36m
20:20:34.099 id=20 [debug] handled request client -> server textDocument/hover in 400µs
[0m[36m
20:20:34.238 id=21 [debug] handled request client -> server textDocument/hover in 417µs
[0m[36m
20:20:34.366 id=22 [debug] handled request client -> server textDocument/hover in 440µs
[0m[36m
20:20:34.865 id=23 [debug] handled request client -> server textDocument/hover in 472µs
[0m[36m
20:20:34.900 id=24 [debug] handled request client -> server textDocument/hover in 461µs
[0m[36m
20:20:34.926 id=25 [debug] handled request client -> server textDocument/hover in 390µs
[0m[36m
20:20:34.956 id=26 [debug] handled request client -> server textDocument/hover in 431µs
[0m[36m
20:20:34.985 id=27 [debug] handled request client -> server textDocument/hover in 479µs
[0m[36m
20:20:35.016 id=28 [debug] handled request client -> server textDocument/hover in 434µs
[0m[36m
20:20:35.046 id=29 [debug] handled request client -> server textDocument/hover in 408µs
[0m[36m
20:20:35.076 id=30 [debug] handled request client -> server textDocument/hover in 406µs
[0m[36m
20:20:35.106 id=31 [debug] handled request client -> server textDocument/hover in 411µs
[0m[36m
20:20:35.136 id=32 [debug] handled request client -> server textDocument/hover in 386µs
[0m[36m
20:20:35.166 id=33 [debug] handled request client -> server textDocument/hover in 408µs
[0m[36m
20:20:35.196 id=34 [debug] handled request client -> server textDocument/hover in 435µs
[0m[36m
20:20:35.225 id=35 [debug] handled request client -> server textDocument/hover in 435µs
[0m[36m
20:20:35.255 id=36 [debug] handled request client -> server textDocument/hover in 453µs
[0m[36m
20:20:35.286 id=37 [debug] handled request client -> server textDocument/hover in 431µs
[0m[36m
20:20:35.316 id=38 [debug] handled request client -> server textDocument/hover in 469µs
[0m[36m
20:20:35.345 id=39 [debug] handled request client -> server textDocument/hover in 522µs
[0m[36m
20:20:35.376 id=40 [debug] handled request client -> server textDocument/hover in 506µs
[0m[36m
20:20:35.406 id=41 [debug] handled request client -> server textDocument/hover in 443µs
[0m[36m
20:20:35.435 id=42 [debug] handled request client -> server textDocument/hover in 460µs
[0m[36m
20:20:35.465 id=43 [debug] handled request client -> server textDocument/hover in 459µs
[0m[36m
20:20:35.496 id=44 [debug] handled request client -> server textDocument/hover in 425µs
[0m[36m
20:20:35.526 id=45 [debug] handled request client -> server textDocument/hover in 701µs
[0m